<?xml version="1.0" encoding="UTF-8"?>
<!-- Generated by org.testng.reporters.JUnitReportReporter -->
<testsuite hostname="LAPTOP-2KDSOKEL" failures="0" tests="1" name="testCases.TC001_AccountRegistration" time="2.263" errors="0" timestamp="2024-08-29T15:24:49 IST" skipped="0">
  <testcase classname="testCases.TC001_AccountRegistration" name="verify_AccountRegistration" time="2.263"/>
</testsuite> <!-- testCases.TC001_AccountRegistration -->
