<?xml version="1.0" encoding="UTF-8"?>
<!-- Generated by org.testng.reporters.JUnitReportReporter -->
<testsuite hostname="LAPTOP-2KDSOKEL" failures="0" tests="1" name="testCases.TC002_LoginTest" time="1.265" errors="0" timestamp="2024-08-29T15:24:49 IST" skipped="0">
  <testcase classname="testCases.TC002_LoginTest" name="verify_LoginTest" time="1.265"/>
</testsuite> <!-- testCases.TC002_LoginTest -->
